<?xml version="1.0" encoding="UTF-8"?>
<testsuite xmlns:xsi="http://www.w3.org/2001/XMLSchema-instance" xsi:noNamespaceSchemaLocation="https://maven.apache.org/surefire/maven-surefire-plugin/xsd/surefire-test-report-3.0.xsd" version="3.0" name="tests.UserTest" time="9.852" tests="5" errors="0" skipped="0" failures="0">
  <properties>
[...]
</properties>
  <testcase name="createDuplicateUserTest" classname="tests.UserTest" time="5.207">
    <system-err><![CDATA[SLF4J: Failed to load class "org.slf4j.impl.StaticLoggerBinder".
SLF4J: Defaulting to no-operation (NOP) logger implementation
SLF4J: See http://www.slf4j.org/codes.html#StaticLoggerBinder for further details.
]]></system-err>
  </testcase>
  <testcase name="loginExistingUserTest" classname="tests.UserTest" time="2.098"/>
  <testcase name="createUserWithoutRequiredFieldTest" classname="tests.UserTest" time="0.486"/>
  <testcase name="loginWithWrongCredentialsTest" classname="tests.UserTest" time="0.472"/>
  <testcase name="createUniqueUserTest" classname="tests.UserTest" time="1.492"/>
</testsuite>